2017-06-23 13:17:19,752 - Log4JLogChute initialized using file 'velocity.log'
2017-06-23 13:17:19,752 - Velocity was not initialized! Calling init()...
2017-06-23 13:17:19,752 - Starting Apache Velocity v1.5 (compiled: 2007-02-22 08:52:29)
2017-06-23 13:17:19,752 - Default Properties File: org\apache\velocity\runtime\defaults\velocity.properties
2017-06-23 13:17:19,752 - Trying to use logger class org.apache.velocity.runtime.log.AvalonLogChute
2017-06-23 13:17:19,752 - Couldn't find class org.apache.velocity.runtime.log.AvalonLogChute or necessary supporting classes in classpath.
java.lang.NoClassDefFoundError: org/apache/log/format/Formatter
	at java.lang.Class.forName0(Native Method)
	at java.lang.Class.forName(Class.java:348)
	at org.apache.velocity.util.ClassUtils.getClass(ClassUtils.java:63)
	at org.apache.velocity.util.ClassUtils.getNewInstance(ClassUtils.java:95)
	at org.apache.velocity.runtime.log.LogManager.createLogChute(LogManager.java:147)
	at org.apache.velocity.runtime.log.LogManager.updateLog(LogManager.java:208)
	at org.apache.velocity.runtime.RuntimeInstance.initializeLog(RuntimeInstance.java:728)
	at org.apache.velocity.runtime.RuntimeInstance.init(RuntimeInstance.java:240)
	at org.apache.velocity.runtime.RuntimeInstance.parse(RuntimeInstance.java:993)
	at org.apache.velocity.runtime.RuntimeInstance.parse(RuntimeInstance.java:972)
	at org.apache.velocity.runtime.RuntimeSingleton.parse(RuntimeSingleton.java:265)
	at org.apache.velocity.app.Velocity.evaluate(Velocity.java:274)
	at org.sonatype.mavenbook.weather.WeatherFormatter.format(WeatherFormatter.java:21)
	at org.sonatype.mavenbook.weather.WeatherFormatterTest.testFormat(WeatherFormatterTest.java:23)
	at sun.reflect.NativeMethodAccessorImpl.invoke0(Native Method)
	at sun.reflect.NativeMethodAccessorImpl.invoke(NativeMethodAccessorImpl.java:62)
	at sun.reflect.DelegatingMethodAccessorImpl.invoke(DelegatingMethodAccessorImpl.java:43)
	at java.lang.reflect.Method.invoke(Method.java:498)
	at junit.framework.TestCase.runTest(TestCase.java:154)
	at junit.framework.TestCase.runBare(TestCase.java:127)
	at junit.framework.TestResult$1.protect(TestResult.java:106)
	at junit.framework.TestResult.runProtected(TestResult.java:124)
	at junit.framework.TestResult.run(TestResult.java:109)
	at junit.framework.TestCase.run(TestCase.java:118)
	at junit.framework.TestSuite.runTest(TestSuite.java:208)
	at junit.framework.TestSuite.run(TestSuite.java:203)
	at sun.reflect.NativeMethodAccessorImpl.invoke0(Native Method)
	at sun.reflect.NativeMethodAccessorImpl.invoke(NativeMethodAccessorImpl.java:62)
	at sun.reflect.DelegatingMethodAccessorImpl.invoke(DelegatingMethodAccessorImpl.java:43)
	at java.lang.reflect.Method.invoke(Method.java:498)
	at org.apache.maven.surefire.junit.JUnitTestSet.execute(JUnitTestSet.java:95)
	at org.apache.maven.surefire.junit.JUnit3Provider.executeTestSet(JUnit3Provider.java:121)
	at org.apache.maven.surefire.junit.JUnit3Provider.invoke(JUnit3Provider.java:98)
	at sun.reflect.NativeMethodAccessorImpl.invoke0(Native Method)
	at sun.reflect.NativeMethodAccessorImpl.invoke(NativeMethodAccessorImpl.java:62)
	at sun.reflect.DelegatingMethodAccessorImpl.invoke(DelegatingMethodAccessorImpl.java:43)
	at java.lang.reflect.Method.invoke(Method.java:498)
	at org.apache.maven.surefire.util.ReflectionUtils.invokeMethodWithArray(ReflectionUtils.java:189)
	at org.apache.maven.surefire.booter.ProviderFactory$ProviderProxy.invoke(ProviderFactory.java:165)
	at org.apache.maven.surefire.booter.ProviderFactory.invokeProvider(ProviderFactory.java:85)
	at org.apache.maven.surefire.booter.ForkedBooter.runSuitesInProcess(ForkedBooter.java:115)
	at org.apache.maven.surefire.booter.ForkedBooter.main(ForkedBooter.java:75)
Caused by: java.lang.ClassNotFoundException: org.apache.log.format.Formatter
	at java.net.URLClassLoader.findClass(URLClassLoader.java:381)
	at java.lang.ClassLoader.loadClass(ClassLoader.java:424)
	at sun.misc.Launcher$AppClassLoader.loadClass(Launcher.java:331)
	at java.lang.ClassLoader.loadClass(ClassLoader.java:357)
	... 42 more
2017-06-23 13:17:19,768 - Trying to use logger class org.apache.velocity.runtime.log.Log4JLogChute
2017-06-23 13:17:19,768 - Using logger class org.apache.velocity.runtime.log.Log4JLogChute
2017-06-23 13:17:19,768 - Default ResourceManager initializing. (class org.apache.velocity.runtime.resource.ResourceManagerImpl)
2017-06-23 13:17:19,768 - ResourceLoader instantiated: org.apache.velocity.runtime.resource.loader.FileResourceLoader
2017-06-23 13:17:19,768 - Do unicode file recognition:  false
2017-06-23 13:17:19,768 - FileResourceLoader : adding path '.'
2017-06-23 13:17:19,783 - ResourceCache: initialized (class org.apache.velocity.runtime.resource.ResourceCacheImpl)
2017-06-23 13:17:19,783 - Loaded System Directive: org.apache.velocity.runtime.directive.Literal
2017-06-23 13:17:19,783 - Loaded System Directive: org.apache.velocity.runtime.directive.Macro
2017-06-23 13:17:19,783 - Loaded System Directive: org.apache.velocity.runtime.directive.Parse
2017-06-23 13:17:19,783 - Loaded System Directive: org.apache.velocity.runtime.directive.Include
2017-06-23 13:17:19,783 - Loaded System Directive: org.apache.velocity.runtime.directive.Foreach
2017-06-23 13:17:19,815 - Created '20' parsers.
2017-06-23 13:17:19,815 - Velocimacro : "velocimacro.library" is not set.  Trying default library: VM_global_library.vm
2017-06-23 13:17:19,815 - Velocimacro : Default library not found.
2017-06-23 13:17:19,815 - Velocimacro : allowInline = true : VMs can be defined inline in templates
2017-06-23 13:17:19,815 - Velocimacro : allowInlineToOverride = false : VMs defined inline may NOT replace previous VM definitions
2017-06-23 13:17:19,815 - Velocimacro : allowInlineLocal = false : VMs defined inline will be global in scope if allowed.
2017-06-23 13:17:19,815 - Velocimacro : autoload off : VM system will not automatically reload global library macros
2017-06-27 17:30:09,186 - Log4JLogChute initialized using file 'velocity.log'
2017-06-27 17:30:09,201 - Velocity was not initialized! Calling init()...
2017-06-27 17:30:09,201 - Starting Apache Velocity v1.5 (compiled: 2007-02-22 08:52:29)
2017-06-27 17:30:09,201 - Default Properties File: org\apache\velocity\runtime\defaults\velocity.properties
2017-06-27 17:30:09,201 - Trying to use logger class org.apache.velocity.runtime.log.AvalonLogChute
2017-06-27 17:30:09,201 - Couldn't find class org.apache.velocity.runtime.log.AvalonLogChute or necessary supporting classes in classpath.
java.lang.NoClassDefFoundError: org/apache/log/format/Formatter
	at java.lang.Class.forName0(Native Method)
	at java.lang.Class.forName(Class.java:348)
	at org.apache.velocity.util.ClassUtils.getClass(ClassUtils.java:63)
	at org.apache.velocity.util.ClassUtils.getNewInstance(ClassUtils.java:95)
	at org.apache.velocity.runtime.log.LogManager.createLogChute(LogManager.java:147)
	at org.apache.velocity.runtime.log.LogManager.updateLog(LogManager.java:208)
	at org.apache.velocity.runtime.RuntimeInstance.initializeLog(RuntimeInstance.java:728)
	at org.apache.velocity.runtime.RuntimeInstance.init(RuntimeInstance.java:240)
	at org.apache.velocity.runtime.RuntimeInstance.parse(RuntimeInstance.java:993)
	at org.apache.velocity.runtime.RuntimeInstance.parse(RuntimeInstance.java:972)
	at org.apache.velocity.runtime.RuntimeSingleton.parse(RuntimeSingleton.java:265)
	at org.apache.velocity.app.Velocity.evaluate(Velocity.java:274)
	at org.sonatype.mavenbook.weather.WeatherFormatter.format(WeatherFormatter.java:21)
	at org.sonatype.mavenbook.weather.WeatherFormatterTest.testFormat(WeatherFormatterTest.java:23)
	at sun.reflect.NativeMethodAccessorImpl.invoke0(Native Method)
	at sun.reflect.NativeMethodAccessorImpl.invoke(NativeMethodAccessorImpl.java:62)
	at sun.reflect.DelegatingMethodAccessorImpl.invoke(DelegatingMethodAccessorImpl.java:43)
	at java.lang.reflect.Method.invoke(Method.java:498)
	at junit.framework.TestCase.runTest(TestCase.java:154)
	at junit.framework.TestCase.runBare(TestCase.java:127)
	at junit.framework.TestResult$1.protect(TestResult.java:106)
	at junit.framework.TestResult.runProtected(TestResult.java:124)
	at junit.framework.TestResult.run(TestResult.java:109)
	at junit.framework.TestCase.run(TestCase.java:118)
	at junit.framework.TestSuite.runTest(TestSuite.java:208)
	at junit.framework.TestSuite.run(TestSuite.java:203)
	at sun.reflect.NativeMethodAccessorImpl.invoke0(Native Method)
	at sun.reflect.NativeMethodAccessorImpl.invoke(NativeMethodAccessorImpl.java:62)
	at sun.reflect.DelegatingMethodAccessorImpl.invoke(DelegatingMethodAccessorImpl.java:43)
	at java.lang.reflect.Method.invoke(Method.java:498)
	at org.apache.maven.surefire.junit.JUnitTestSet.execute(JUnitTestSet.java:95)
	at org.apache.maven.surefire.junit.JUnit3Provider.executeTestSet(JUnit3Provider.java:121)
	at org.apache.maven.surefire.junit.JUnit3Provider.invoke(JUnit3Provider.java:98)
	at sun.reflect.NativeMethodAccessorImpl.invoke0(Native Method)
	at sun.reflect.NativeMethodAccessorImpl.invoke(NativeMethodAccessorImpl.java:62)
	at sun.reflect.DelegatingMethodAccessorImpl.invoke(DelegatingMethodAccessorImpl.java:43)
	at java.lang.reflect.Method.invoke(Method.java:498)
	at org.apache.maven.surefire.util.ReflectionUtils.invokeMethodWithArray(ReflectionUtils.java:189)
	at org.apache.maven.surefire.booter.ProviderFactory$ProviderProxy.invoke(ProviderFactory.java:165)
	at org.apache.maven.surefire.booter.ProviderFactory.invokeProvider(ProviderFactory.java:85)
	at org.apache.maven.surefire.booter.ForkedBooter.runSuitesInProcess(ForkedBooter.java:115)
	at org.apache.maven.surefire.booter.ForkedBooter.main(ForkedBooter.java:75)
Caused by: java.lang.ClassNotFoundException: org.apache.log.format.Formatter
	at java.net.URLClassLoader.findClass(URLClassLoader.java:381)
	at java.lang.ClassLoader.loadClass(ClassLoader.java:424)
	at sun.misc.Launcher$AppClassLoader.loadClass(Launcher.java:331)
	at java.lang.ClassLoader.loadClass(ClassLoader.java:357)
	... 42 more
2017-06-27 17:30:09,201 - Trying to use logger class org.apache.velocity.runtime.log.Log4JLogChute
2017-06-27 17:30:09,201 - Using logger class org.apache.velocity.runtime.log.Log4JLogChute
2017-06-27 17:30:09,201 - Default ResourceManager initializing. (class org.apache.velocity.runtime.resource.ResourceManagerImpl)
2017-06-27 17:30:09,201 - ResourceLoader instantiated: org.apache.velocity.runtime.resource.loader.FileResourceLoader
2017-06-27 17:30:09,217 - Do unicode file recognition:  false
2017-06-27 17:30:09,217 - FileResourceLoader : adding path '.'
2017-06-27 17:30:09,233 - ResourceCache: initialized (class org.apache.velocity.runtime.resource.ResourceCacheImpl)
2017-06-27 17:30:09,248 - Loaded System Directive: org.apache.velocity.runtime.directive.Literal
2017-06-27 17:30:09,248 - Loaded System Directive: org.apache.velocity.runtime.directive.Macro
2017-06-27 17:30:09,248 - Loaded System Directive: org.apache.velocity.runtime.directive.Parse
2017-06-27 17:30:09,248 - Loaded System Directive: org.apache.velocity.runtime.directive.Include
2017-06-27 17:30:09,248 - Loaded System Directive: org.apache.velocity.runtime.directive.Foreach
2017-06-27 17:30:09,280 - Created '20' parsers.
2017-06-27 17:30:09,280 - Velocimacro : "velocimacro.library" is not set.  Trying default library: VM_global_library.vm
2017-06-27 17:30:09,280 - Velocimacro : Default library not found.
2017-06-27 17:30:09,280 - Velocimacro : allowInline = true : VMs can be defined inline in templates
2017-06-27 17:30:09,280 - Velocimacro : allowInlineToOverride = false : VMs defined inline may NOT replace previous VM definitions
2017-06-27 17:30:09,280 - Velocimacro : allowInlineLocal = false : VMs defined inline will be global in scope if allowed.
2017-06-27 17:30:09,280 - Velocimacro : autoload off : VM system will not automatically reload global library macros
2017-06-27 22:33:40,908 - Log4JLogChute initialized using file 'velocity.log'
2017-06-27 22:33:40,908 - Velocity was not initialized! Calling init()...
2017-06-27 22:33:40,908 - Starting Apache Velocity v1.5 (compiled: 2007-02-22 08:52:29)
2017-06-27 22:33:40,908 - Default Properties File: org\apache\velocity\runtime\defaults\velocity.properties
2017-06-27 22:33:40,908 - Trying to use logger class org.apache.velocity.runtime.log.AvalonLogChute
2017-06-27 22:33:40,909 - Couldn't find class org.apache.velocity.runtime.log.AvalonLogChute or necessary supporting classes in classpath.
java.lang.NoClassDefFoundError: org/apache/log/format/Formatter
	at java.lang.Class.forName0(Native Method)
	at java.lang.Class.forName(Class.java:348)
	at org.apache.velocity.util.ClassUtils.getClass(ClassUtils.java:63)
	at org.apache.velocity.util.ClassUtils.getNewInstance(ClassUtils.java:95)
	at org.apache.velocity.runtime.log.LogManager.createLogChute(LogManager.java:147)
	at org.apache.velocity.runtime.log.LogManager.updateLog(LogManager.java:208)
	at org.apache.velocity.runtime.RuntimeInstance.initializeLog(RuntimeInstance.java:728)
	at org.apache.velocity.runtime.RuntimeInstance.init(RuntimeInstance.java:240)
	at org.apache.velocity.runtime.RuntimeInstance.parse(RuntimeInstance.java:993)
	at org.apache.velocity.runtime.RuntimeInstance.parse(RuntimeInstance.java:972)
	at org.apache.velocity.runtime.RuntimeSingleton.parse(RuntimeSingleton.java:265)
	at org.apache.velocity.app.Velocity.evaluate(Velocity.java:274)
	at org.sonatype.mavenbook.weather.WeatherFormatter.format(WeatherFormatter.java:21)
	at org.sonatype.mavenbook.weather.WeatherFormatterTest.testFormat(WeatherFormatterTest.java:23)
	at sun.reflect.NativeMethodAccessorImpl.invoke0(Native Method)
	at sun.reflect.NativeMethodAccessorImpl.invoke(NativeMethodAccessorImpl.java:62)
	at sun.reflect.DelegatingMethodAccessorImpl.invoke(DelegatingMethodAccessorImpl.java:43)
	at java.lang.reflect.Method.invoke(Method.java:498)
	at junit.framework.TestCase.runTest(TestCase.java:154)
	at junit.framework.TestCase.runBare(TestCase.java:127)
	at junit.framework.TestResult$1.protect(TestResult.java:106)
	at junit.framework.TestResult.runProtected(TestResult.java:124)
	at junit.framework.TestResult.run(TestResult.java:109)
	at junit.framework.TestCase.run(TestCase.java:118)
	at junit.framework.TestSuite.runTest(TestSuite.java:208)
	at junit.framework.TestSuite.run(TestSuite.java:203)
	at sun.reflect.NativeMethodAccessorImpl.invoke0(Native Method)
	at sun.reflect.NativeMethodAccessorImpl.invoke(NativeMethodAccessorImpl.java:62)
	at sun.reflect.DelegatingMethodAccessorImpl.invoke(DelegatingMethodAccessorImpl.java:43)
	at java.lang.reflect.Method.invoke(Method.java:498)
	at org.apache.maven.surefire.junit.JUnitTestSet.execute(JUnitTestSet.java:95)
	at org.apache.maven.surefire.junit.JUnit3Provider.executeTestSet(JUnit3Provider.java:121)
	at org.apache.maven.surefire.junit.JUnit3Provider.invoke(JUnit3Provider.java:98)
	at sun.reflect.NativeMethodAccessorImpl.invoke0(Native Method)
	at sun.reflect.NativeMethodAccessorImpl.invoke(NativeMethodAccessorImpl.java:62)
	at sun.reflect.DelegatingMethodAccessorImpl.invoke(DelegatingMethodAccessorImpl.java:43)
	at java.lang.reflect.Method.invoke(Method.java:498)
	at org.apache.maven.surefire.util.ReflectionUtils.invokeMethodWithArray(ReflectionUtils.java:189)
	at org.apache.maven.surefire.booter.ProviderFactory$ProviderProxy.invoke(ProviderFactory.java:165)
	at org.apache.maven.surefire.booter.ProviderFactory.invokeProvider(ProviderFactory.java:85)
	at org.apache.maven.surefire.booter.ForkedBooter.runSuitesInProcess(ForkedBooter.java:115)
	at org.apache.maven.surefire.booter.ForkedBooter.main(ForkedBooter.java:75)
Caused by: java.lang.ClassNotFoundException: org.apache.log.format.Formatter
	at java.net.URLClassLoader.findClass(URLClassLoader.java:381)
	at java.lang.ClassLoader.loadClass(ClassLoader.java:424)
	at sun.misc.Launcher$AppClassLoader.loadClass(Launcher.java:331)
	at java.lang.ClassLoader.loadClass(ClassLoader.java:357)
	... 42 more
2017-06-27 22:33:40,911 - Trying to use logger class org.apache.velocity.runtime.log.Log4JLogChute
2017-06-27 22:33:40,911 - Using logger class org.apache.velocity.runtime.log.Log4JLogChute
2017-06-27 22:33:40,913 - Default ResourceManager initializing. (class org.apache.velocity.runtime.resource.ResourceManagerImpl)
2017-06-27 22:33:40,915 - ResourceLoader instantiated: org.apache.velocity.runtime.resource.loader.FileResourceLoader
2017-06-27 22:33:40,916 - Do unicode file recognition:  false
2017-06-27 22:33:40,917 - FileResourceLoader : adding path '.'
2017-06-27 22:33:40,928 - ResourceCache: initialized (class org.apache.velocity.runtime.resource.ResourceCacheImpl)
2017-06-27 22:33:40,930 - Loaded System Directive: org.apache.velocity.runtime.directive.Literal
2017-06-27 22:33:40,931 - Loaded System Directive: org.apache.velocity.runtime.directive.Macro
2017-06-27 22:33:40,932 - Loaded System Directive: org.apache.velocity.runtime.directive.Parse
2017-06-27 22:33:40,933 - Loaded System Directive: org.apache.velocity.runtime.directive.Include
2017-06-27 22:33:40,934 - Loaded System Directive: org.apache.velocity.runtime.directive.Foreach
2017-06-27 22:33:40,962 - Created '20' parsers.
2017-06-27 22:33:40,967 - Velocimacro : "velocimacro.library" is not set.  Trying default library: VM_global_library.vm
2017-06-27 22:33:40,968 - Velocimacro : Default library not found.
2017-06-27 22:33:40,968 - Velocimacro : allowInline = true : VMs can be defined inline in templates
2017-06-27 22:33:40,968 - Velocimacro : allowInlineToOverride = false : VMs defined inline may NOT replace previous VM definitions
2017-06-27 22:33:40,968 - Velocimacro : allowInlineLocal = false : VMs defined inline will be global in scope if allowed.
2017-06-27 22:33:40,968 - Velocimacro : autoload off : VM system will not automatically reload global library macros
